[01/29/2025 21:44:23] - INFO - Successfully loaded the CSV files under ./input_data/.
[01/29/2025 21:44:23] - INFO - >> Transformations applied successfully 
[01/29/2025 21:44:24] - ERROR - >> Failed insert data : IntegrityError -- (pyodbc.IntegrityError) ('23000', "[23000] [Microsoft][ODBC Driver 18 for SQL Server][SQL Server]Violation of UNIQUE KEY constraint 'UQ__Customer__CD65CB845359F8E5'. Cannot insert duplicate key in object 'dbo.Customer_d'. The duplicate key value is (13085). (2627) (SQLExecDirectW)")
[SQL: INSERT INTO [Customer_d] (customer_id) VALUES (?), (?), (?), (?), (?), (?), (?), (?), (?), (?), (?), (?), (?), (?), (?), (?), (?), (?), (?), (?), (?), (?), (?), (?), (?), (?), (?), (?), (?), (?), (?), (?), (?), (?), (?), (?), (?), (?), (?), (?), (?), ... 4694 characters truncated ... , (?), (?), (?), (?), (?), (?), (?), (?), (?), (?), (?), (?), (?), (?), (?), (?), (?), (?), (?), (?)]
[parameters: ('13085', '13078', '15362', '18102', '12682', '18087', '13635', '14110', '12636', '17519', '13758', '12362', '15413', '16321', '17592', '16167', '17865', '13767', '13293', '17238', '16011', '13916', '15712', '15311', '16329', '15461', '17700', '14911', '15998', '12931', '15614', '12533', '16128', '16714', '17984', '14748', '14871', '13394', '12615', '15299', '16393', '14040', '15796', '12913', '15091', '15061', '14292', '14341', '17804', '14156' ... 900 parameters truncated ... '14055', '17873', '15044', '14329', '16694', '15055', '18144', '13008', '13941', '14092', '12867', '16742', '15498', '17402', '18201', '13225', '17662', '15863', '18186', '13875', '12557', '13266', '14484', '18097', '13520', '15862', '14422', '18006', '14095', '16908', '13427', '17103', '13203', '16439', '15270', '16661', '17400', '12997', '17526', '13039', '15428', '13834', '15782', '16720', '14112', '15321', '16148', '15879', '17638', '12708')]
(Background on this error at: https://sqlalche.me/e/20/gkpj)
[01/29/2025 21:44:24] - ERROR - >> Failed insert data : IntegrityError -- (pyodbc.IntegrityError) ('23000', "[23000] [Microsoft][ODBC Driver 18 for SQL Server][SQL Server]Violation of UNIQUE KEY constraint 'UQ__Country___2834D2A64CEBB004'. Cannot insert duplicate key in object 'dbo.Country_d'. The duplicate key value is (United Kingdom). (2627) (SQLExecDirectW)")
[SQL: INSERT INTO [Country_d] (country) VALUES (?), (?), (?), (?), (?), (?), (?), (?), (?), (?), (?), (?), (?), (?), (?), (?), (?), (?), (?), (?), (?), (?), (?), (?), (?), (?), (?), (?), (?), (?), (?), (?), (?), (?), (?), (?), (?)]
[parameters: ('United Kingdom', 'France', 'USA', 'Belgium', 'Australia', 'EIRE', 'Germany', 'Portugal', 'Japan', 'Denmark', 'Netherlands', 'Poland', 'Spain', 'Channel Islands', 'Italy', 'Cyprus', 'Greece', 'Norway', 'Austria', 'Sweden', 'United Arab Emirates', 'Finland', 'Switzerland', 'Unspecified', 'Nigeria', 'Malta', 'RSA', 'Singapore', 'Bahrain', 'Thailand', 'Israel', 'Lithuania', 'West Indies', 'Korea', 'Brazil', 'Canada', 'Iceland')]
(Background on this error at: https://sqlalche.me/e/20/gkpj)
[01/29/2025 21:44:24] - ERROR - >> Failed insert data : IntegrityError -- (pyodbc.IntegrityError) ('23000', "[23000] [Microsoft][ODBC Driver 18 for SQL Server][SQL Server]Violation of UNIQUE KEY constraint 'UQ__Date_d__A15B84FD91F4CA8C'. Cannot insert duplicate key in object 'dbo.Date_d'. The duplicate key value is (Dec  2 2009 10:42AM). (2627) (SQLExecDirectW)")
[SQL: INSERT INTO [Date_d] (invoicedate, month) VALUES (?, ?), (?, ?), (?, ?), (?, ?), (?, ?), (?, ?), (?, ?), (?, ?), (?, ?), (?, ?), (?, ?), (?, ?), (?, ?), (?, ?), (?, ?), (?, ?), (?, ?), (?, ?), (?, ?), (?, ?), (?, ?), (?, ?), (?, ?), (?, ?), (?, ?), ( ... 7697 characters truncated ... , ?), (?, ?), (?, ?), (?, ?), (?, ?), (?, ?), (?, ?), (?, ?), (?, ?), (?, ?), (?, ?), (?, ?), (?, ?)]
[parameters: (datetime.datetime(2009, 12, 1, 7, 45), 12, datetime.datetime(2009, 12, 1, 7, 46), 12, datetime.datetime(2009, 12, 1, 9, 6), 12, datetime.datetime(2009, 12, 1, 9, 8), 12, datetime.datetime(2009, 12, 1, 9, 24), 12, datetime.datetime(2009, 12, 1, 9, 28), 12, datetime.datetime(2009, 12, 1, 9, 43), 12, datetime.datetime(2009, 12, 1, 9, 44), 12, datetime.datetime(2009, 12, 1, 9, 46), 12, datetime.datetime(2009, 12, 1, 9, 50), 12, datetime.datetime(2009, 12, 1, 9, 55), 12, datetime.datetime(2009, 12, 1, 9, 57), 12, datetime.datetime(2009, 12, 1, 10, 6), 12, datetime.datetime(2009, 12, 1, 10, 10), 12, datetime.datetime(2009, 12, 1, 10, 18), 12, datetime.datetime(2009, 12, 1, 10, 33), 12, datetime.datetime(2009, 12, 1, 10, 36), 12, datetime.datetime(2009, 12, 1, 10, 44), 12, datetime.datetime(2009, 12, 1, 10, 46), 12, datetime.datetime(2009, 12, 1, 10, 49), 12, datetime.datetime(2009, 12, 1, 10, 52), 12, datetime.datetime(2009, 12, 1, 10, 55), 12, datetime.datetime(2009, 12, 1, 10, 59), 12, datetime.datetime(2009, 12, 1, 11, 4), 12, datetime.datetime(2009, 12, 1, 11, 10), 12 ... 1900 parameters truncated ... datetime.datetime(2009, 12, 11, 10, 37), 12, datetime.datetime(2009, 12, 11, 10, 40), 12, datetime.datetime(2009, 12, 11, 10, 47), 12, datetime.datetime(2009, 12, 11, 10, 48), 12, datetime.datetime(2009, 12, 11, 10, 54), 12, datetime.datetime(2009, 12, 11, 10, 58), 12, datetime.datetime(2009, 12, 11, 11, 6), 12, datetime.datetime(2009, 12, 11, 11, 10), 12, datetime.datetime(2009, 12, 11, 11, 15), 12, datetime.datetime(2009, 12, 11, 11, 17), 12, datetime.datetime(2009, 12, 11, 11, 20), 12, datetime.datetime(2009, 12, 11, 11, 22), 12, datetime.datetime(2009, 12, 11, 11, 26), 12, datetime.datetime(2009, 12, 11, 11, 28), 12, datetime.datetime(2009, 12, 11, 11, 30), 12, datetime.datetime(2009, 12, 11, 11, 31), 12, datetime.datetime(2009, 12, 11, 11, 35), 12, datetime.datetime(2009, 12, 11, 11, 38), 12, datetime.datetime(2009, 12, 11, 11, 39), 12, datetime.datetime(2009, 12, 11, 11, 41), 12, datetime.datetime(2009, 12, 11, 11, 52), 12, datetime.datetime(2009, 12, 11, 11, 59), 12, datetime.datetime(2009, 12, 11, 12, 1), 12, datetime.datetime(2009, 12, 11, 12, 2), 12, datetime.datetime(2009, 12, 11, 12, 9), 12)]
(Background on this error at: https://sqlalche.me/e/20/gkpj)
[01/29/2025 21:44:24] - ERROR - >> Failed insert data : IntegrityError -- (pyodbc.IntegrityError) ('23000', "[23000] [Microsoft][ODBC Driver 18 for SQL Server][SQL Server]Violation of UNIQUE KEY constraint 'UQ__Stock_d__33180ABD673B21FE'. Cannot insert duplicate key in object 'dbo.Stock_d'. The duplicate key value is (21430). (2627) (SQLExecDirectW)")
[SQL: INSERT INTO [Stock_d] (stockcode, description) VALUES (?, ?), (?, ?), (?, ?), (?, ?), (?, ?), (?, ?), (?, ?), (?, ?), (?, ?), (?, ?), (?, ?), (?, ?), (?, ?), (?, ?), (?, ?), (?, ?), (?, ?), (?, ?), (?, ?), (?, ?), (?, ?), (?, ?), (?, ?), (?, ?), (?,  ... 7702 characters truncated ... , ?), (?, ?), (?, ?), (?, ?), (?, ?), (?, ?), (?, ?), (?, ?), (?, ?), (?, ?), (?, ?), (?, ?), (?, ?)]
[parameters: ('85048', '15CM CHRISTMAS GLASS BALL 20 LIGHTS', '79323P', 'PINK CHERRY LIGHTS', '79323W', ' WHITE CHERRY LIGHTS', '22041', 'RECORD FRAME 7" SINGLE SIZE ', '21232', 'STRAWBERRY CERAMIC TRINKET BOX', '22064', 'PINK DOUGHNUT TRINKET POT ', '21871', 'SAVE THE PLANET MUG', '21523', 'FANCY FONT HOME SWEET HOME DOORMAT', '22350', 'CAT BOWL ', '22349', 'DOG BOWL , CHASING BALL DESIGN', '22195', 'HEART MEASURING SPOONS LARGE', '22353', 'LUNCHBOX WITH CUTLERY FAIRY CAKES ', '48173C', 'DOOR MAT BLACK FLOCK ', '21755', 'LOVE BUILDING BLOCK WORD', '21754', 'HOME BUILDING BLOCK WORD', '84879', 'ASSORTED COLOUR BIRD ORNAMENT', '22119', ' PEACE WOODEN BLOCK LETTERS', '22142', 'CHRISTMAS CRAFT WHITE FAIRY ', '22296', 'HEART IVORY TRELLIS LARGE', '22295', 'HEART FILIGREE DOVE LARGE', '22109', 'FULL ENGLISH BREAKFAST PLATE', '22107', 'PIZZA PLATE IN BOX', '22194', 'BLACK DINER WALL CLOCK', '35004B', 'SET OF 3 BLACK FLYING DUCKS', '82582', 'AREA PATROLLED METAL SIGN' ... 1900 parameters truncated ... '20658', 'RED SPOTTY LUGGAGE TAG', '21355', 'TOAST ITS - I LOVE YOU ', '84378', 'SET OF 3 HEART COOKIE CUTTERS', '84380', 'SET OF 3 BUTTERFLY COOKIE CUTTERS', '22144', 'CHRISTMAS CRAFT LITTLE FRIENDS', '21330', 'WOODLAND ANIMAL  WRITING SET ', '72814', 'SET/3 CHRISTMAS BRIAR CANDLES', '85125', 'SMALL ROUND CUT GLASS CANDLESTICK', '85126', 'LARGE ROUND CUTGLASS CANDLESTICK', '72529W', 'WHITE ADVENT CANDLE', '21795', 'SET OF 3 BLUE STRIPE BASKET', '21796', 'SET OF 3 RED STRIPE BASKETS', '15036', 'ASSORTED COLOURS SILK FAN', '21742', 'LARGE ROUND WICKER PLATTER ', '21221', 'SET/4 BADGES CUTE CREATURES', '84559B', '3D SHEET OF CAT STICKERS', '84559D', '3D SHEET OF SEA WORLD STICKERS', '15056P', 'EDWARDIAN PARASOL PINK', '84199', 'GLOW IN DARK DOLPHINS', '17003', 'BROCADE RING PURSE ', '15034', 'PAPER POCKET TRAVELING FAN ', '16238', 'PARTY TIME PENCIL ERASERS', '35085E', 'IVORY ROSE LAMPSHADE ', '10120', 'DOGGY RUBBER', '17164B', "ASS COL SMALL SAND GECKO P'WEIGHT")]
(Background on this error at: https://sqlalche.me/e/20/gkpj)
[01/29/2025 21:50:16] - INFO - Successfully loaded the CSV files under ./input_data/.
[01/29/2025 21:50:16] - INFO - >> Transformations applied successfully 
[01/29/2025 22:03:17] - INFO - Successfully loaded the CSV files under ./input_data/.
[01/29/2025 22:03:17] - INFO - >> Transformations applied successfully 
[01/29/2025 22:06:50] - INFO - Successfully loaded the CSV files under ./input_data/.
[01/29/2025 22:06:51] - INFO - >> Transformations applied successfully 
[01/29/2025 22:28:23] - INFO - Successfully loaded the CSV files under ./input_data/.
[01/29/2025 22:28:23] - INFO - >> Transformations applied successfully 
[01/29/2025 22:29:42] - INFO - Successfully loaded the CSV files under ./input_data/.
[01/29/2025 22:29:42] - INFO - >> Transformations applied successfully 
[01/29/2025 22:39:42] - INFO - Successfully loaded the CSV files under ./input_data/.
[01/29/2025 22:39:42] - INFO - >> Transformations applied successfully 
[01/29/2025 22:44:35] - INFO - Successfully loaded the CSV files under ./input_data/.
[01/29/2025 22:44:36] - INFO - >> Transformations applied successfully 
[01/29/2025 22:49:18] - INFO - Successfully loaded the CSV files under ./input_data/.
[01/29/2025 22:49:19] - INFO - >> Transformations applied successfully 
[01/29/2025 22:54:00] - INFO - Successfully loaded the CSV files under ./input_data/.
[01/29/2025 22:54:01] - INFO - >> Transformations applied successfully 
[01/29/2025 22:55:41] - INFO - Successfully loaded the CSV files under ./input_data/.
[01/29/2025 22:55:42] - INFO - >> Transformations applied successfully 
[01/29/2025 23:00:04] - INFO - Successfully loaded the CSV files under ./input_data/.
[01/29/2025 23:00:05] - INFO - >> Transformations applied successfully 
[01/29/2025 23:00:05] - ERROR - >> Failed insert data in Customer_d : IntegrityError -- (pyodbc.IntegrityError) ('23000', "[23000] [Microsoft][ODBC Driver 18 for SQL Server][SQL Server]Violation of UNIQUE KEY constraint 'UQ__Customer__CD65CB849DE7DFEC'. Cannot insert duplicate key in object 'dbo.Customer_d'. The duplicate key value is (13085). (2627) (SQLExecDirectW)")
[SQL: INSERT INTO [Customer_d] (customer_id) VALUES (?), (?), (?), (?), (?), (?), (?), (?), (?), (?), (?), (?), (?), (?), (?), (?), (?), (?), (?), (?), (?), (?), (?), (?), (?), (?), (?), (?), (?), (?), (?), (?), (?), (?), (?), (?), (?), (?), (?), (?), (?), ... 4694 characters truncated ... , (?), (?), (?), (?), (?), (?), (?), (?), (?), (?), (?), (?), (?), (?), (?), (?), (?), (?), (?), (?)]
[parameters: ('13085', '13078', '15362', '18102', '12682', '18087', '13635', '14110', '12636', '17519', '13758', '12362', '15413', '16321', '17592', '16167', '17865', '13767', '13293', '17238', '16011', '13916', '15712', '15311', '16329', '15461', '17700', '14911', '15998', '12931', '15614', '12533', '16128', '16714', '17984', '14748', '14871', '13394', '12615', '15299', '16393', '14040', '15796', '12913', '15091', '15061', '14292', '14341', '17804', '14156' ... 900 parameters truncated ... '14055', '17873', '15044', '14329', '16694', '15055', '18144', '13008', '13941', '14092', '12867', '16742', '15498', '17402', '18201', '13225', '17662', '15863', '18186', '13875', '12557', '13266', '14484', '18097', '13520', '15862', '14422', '18006', '14095', '16908', '13427', '17103', '13203', '16439', '15270', '16661', '17400', '12997', '17526', '13039', '15428', '13834', '15782', '16720', '14112', '15321', '16148', '15879', '17638', '12708')]
(Background on this error at: https://sqlalche.me/e/20/gkpj)
[01/29/2025 23:00:05] - ERROR - >> Failed insert data in Country_d : IntegrityError -- (pyodbc.IntegrityError) ('23000', "[23000] [Microsoft][ODBC Driver 18 for SQL Server][SQL Server]Violation of UNIQUE KEY constraint 'UQ__Country___2834D2A673B1DF5D'. Cannot insert duplicate key in object 'dbo.Country_d'. The duplicate key value is (United Kingdom). (2627) (SQLExecDirectW)")
[SQL: INSERT INTO [Country_d] (country) VALUES (?), (?), (?), (?), (?), (?), (?), (?), (?), (?), (?), (?), (?), (?), (?), (?), (?), (?), (?), (?), (?), (?), (?), (?), (?), (?), (?), (?), (?), (?), (?), (?), (?), (?), (?), (?), (?)]
[parameters: ('United Kingdom', 'France', 'USA', 'Belgium', 'Australia', 'EIRE', 'Germany', 'Portugal', 'Japan', 'Denmark', 'Netherlands', 'Poland', 'Spain', 'Channel Islands', 'Italy', 'Cyprus', 'Greece', 'Norway', 'Austria', 'Sweden', 'United Arab Emirates', 'Finland', 'Switzerland', 'Unspecified', 'Nigeria', 'Malta', 'RSA', 'Singapore', 'Bahrain', 'Thailand', 'Israel', 'Lithuania', 'West Indies', 'Korea', 'Brazil', 'Canada', 'Iceland')]
(Background on this error at: https://sqlalche.me/e/20/gkpj)
[01/29/2025 23:00:05] - ERROR - >> Failed insert data in Date_d : IntegrityError -- (pyodbc.IntegrityError) ('23000', "[23000] [Microsoft][ODBC Driver 18 for SQL Server][SQL Server]Violation of UNIQUE KEY constraint 'UQ__Date_d__A15B84FD841F51B9'. Cannot insert duplicate key in object 'dbo.Date_d'. The duplicate key value is (Dec  2 2009 11:48AM). (2627) (SQLExecDirectW)")
[SQL: INSERT INTO [Date_d] (invoicedate, month) VALUES (?, ?), (?, ?), (?, ?), (?, ?), (?, ?), (?, ?), (?, ?), (?, ?), (?, ?), (?, ?), (?, ?), (?, ?), (?, ?), (?, ?), (?, ?), (?, ?), (?, ?), (?, ?), (?, ?), (?, ?), (?, ?), (?, ?), (?, ?), (?, ?), (?, ?), ( ... 7697 characters truncated ... , ?), (?, ?), (?, ?), (?, ?), (?, ?), (?, ?), (?, ?), (?, ?), (?, ?), (?, ?), (?, ?), (?, ?), (?, ?)]
[parameters: (datetime.datetime(2009, 12, 1, 7, 45), 12, datetime.datetime(2009, 12, 1, 7, 46), 12, datetime.datetime(2009, 12, 1, 9, 6), 12, datetime.datetime(2009, 12, 1, 9, 8), 12, datetime.datetime(2009, 12, 1, 9, 24), 12, datetime.datetime(2009, 12, 1, 9, 28), 12, datetime.datetime(2009, 12, 1, 9, 43), 12, datetime.datetime(2009, 12, 1, 9, 44), 12, datetime.datetime(2009, 12, 1, 9, 46), 12, datetime.datetime(2009, 12, 1, 9, 50), 12, datetime.datetime(2009, 12, 1, 9, 55), 12, datetime.datetime(2009, 12, 1, 9, 57), 12, datetime.datetime(2009, 12, 1, 10, 6), 12, datetime.datetime(2009, 12, 1, 10, 10), 12, datetime.datetime(2009, 12, 1, 10, 18), 12, datetime.datetime(2009, 12, 1, 10, 33), 12, datetime.datetime(2009, 12, 1, 10, 36), 12, datetime.datetime(2009, 12, 1, 10, 44), 12, datetime.datetime(2009, 12, 1, 10, 46), 12, datetime.datetime(2009, 12, 1, 10, 49), 12, datetime.datetime(2009, 12, 1, 10, 52), 12, datetime.datetime(2009, 12, 1, 10, 55), 12, datetime.datetime(2009, 12, 1, 10, 59), 12, datetime.datetime(2009, 12, 1, 11, 4), 12, datetime.datetime(2009, 12, 1, 11, 10), 12 ... 1900 parameters truncated ... datetime.datetime(2009, 12, 11, 10, 37), 12, datetime.datetime(2009, 12, 11, 10, 40), 12, datetime.datetime(2009, 12, 11, 10, 47), 12, datetime.datetime(2009, 12, 11, 10, 48), 12, datetime.datetime(2009, 12, 11, 10, 54), 12, datetime.datetime(2009, 12, 11, 10, 58), 12, datetime.datetime(2009, 12, 11, 11, 6), 12, datetime.datetime(2009, 12, 11, 11, 10), 12, datetime.datetime(2009, 12, 11, 11, 15), 12, datetime.datetime(2009, 12, 11, 11, 17), 12, datetime.datetime(2009, 12, 11, 11, 20), 12, datetime.datetime(2009, 12, 11, 11, 22), 12, datetime.datetime(2009, 12, 11, 11, 26), 12, datetime.datetime(2009, 12, 11, 11, 28), 12, datetime.datetime(2009, 12, 11, 11, 30), 12, datetime.datetime(2009, 12, 11, 11, 31), 12, datetime.datetime(2009, 12, 11, 11, 35), 12, datetime.datetime(2009, 12, 11, 11, 38), 12, datetime.datetime(2009, 12, 11, 11, 39), 12, datetime.datetime(2009, 12, 11, 11, 41), 12, datetime.datetime(2009, 12, 11, 11, 52), 12, datetime.datetime(2009, 12, 11, 11, 59), 12, datetime.datetime(2009, 12, 11, 12, 1), 12, datetime.datetime(2009, 12, 11, 12, 2), 12, datetime.datetime(2009, 12, 11, 12, 9), 12)]
(Background on this error at: https://sqlalche.me/e/20/gkpj)
[01/29/2025 23:00:05] - ERROR - >> Failed insert data in Stock_d : IntegrityError -- (pyodbc.IntegrityError) ('23000', "[23000] [Microsoft][ODBC Driver 18 for SQL Server][SQL Server]Violation of UNIQUE KEY constraint 'UQ__Stock_d__33180ABD4E89318F'. Cannot insert duplicate key in object 'dbo.Stock_d'. The duplicate key value is (16161P). (2627) (SQLExecDirectW)")
[SQL: INSERT INTO [Stock_d] (stockcode, description) VALUES (?, ?), (?, ?), (?, ?), (?, ?), (?, ?), (?, ?), (?, ?), (?, ?), (?, ?), (?, ?), (?, ?), (?, ?), (?, ?), (?, ?), (?, ?), (?, ?), (?, ?), (?, ?), (?, ?), (?, ?), (?, ?), (?, ?), (?, ?), (?, ?), (?,  ... 7702 characters truncated ... , ?), (?, ?), (?, ?), (?, ?), (?, ?), (?, ?), (?, ?), (?, ?), (?, ?), (?, ?), (?, ?), (?, ?), (?, ?)]
[parameters: ('85048', '15CM CHRISTMAS GLASS BALL 20 LIGHTS', '79323P', 'PINK CHERRY LIGHTS', '79323W', ' WHITE CHERRY LIGHTS', '22041', 'RECORD FRAME 7" SINGLE SIZE ', '21232', 'STRAWBERRY CERAMIC TRINKET BOX', '22064', 'PINK DOUGHNUT TRINKET POT ', '21871', 'SAVE THE PLANET MUG', '21523', 'FANCY FONT HOME SWEET HOME DOORMAT', '22350', 'CAT BOWL ', '22349', 'DOG BOWL , CHASING BALL DESIGN', '22195', 'HEART MEASURING SPOONS LARGE', '22353', 'LUNCHBOX WITH CUTLERY FAIRY CAKES ', '48173C', 'DOOR MAT BLACK FLOCK ', '21755', 'LOVE BUILDING BLOCK WORD', '21754', 'HOME BUILDING BLOCK WORD', '84879', 'ASSORTED COLOUR BIRD ORNAMENT', '22119', ' PEACE WOODEN BLOCK LETTERS', '22142', 'CHRISTMAS CRAFT WHITE FAIRY ', '22296', 'HEART IVORY TRELLIS LARGE', '22295', 'HEART FILIGREE DOVE LARGE', '22109', 'FULL ENGLISH BREAKFAST PLATE', '22107', 'PIZZA PLATE IN BOX', '22194', 'BLACK DINER WALL CLOCK', '35004B', 'SET OF 3 BLACK FLYING DUCKS', '82582', 'AREA PATROLLED METAL SIGN' ... 1900 parameters truncated ... '20658', 'RED SPOTTY LUGGAGE TAG', '21355', 'TOAST ITS - I LOVE YOU ', '84378', 'SET OF 3 HEART COOKIE CUTTERS', '84380', 'SET OF 3 BUTTERFLY COOKIE CUTTERS', '22144', 'CHRISTMAS CRAFT LITTLE FRIENDS', '21330', 'WOODLAND ANIMAL  WRITING SET ', '72814', 'SET/3 CHRISTMAS BRIAR CANDLES', '85125', 'SMALL ROUND CUT GLASS CANDLESTICK', '85126', 'LARGE ROUND CUTGLASS CANDLESTICK', '72529W', 'WHITE ADVENT CANDLE', '21795', 'SET OF 3 BLUE STRIPE BASKET', '21796', 'SET OF 3 RED STRIPE BASKETS', '15036', 'ASSORTED COLOURS SILK FAN', '21742', 'LARGE ROUND WICKER PLATTER ', '21221', 'SET/4 BADGES CUTE CREATURES', '84559B', '3D SHEET OF CAT STICKERS', '84559D', '3D SHEET OF SEA WORLD STICKERS', '15056P', 'EDWARDIAN PARASOL PINK', '84199', 'GLOW IN DARK DOLPHINS', '17003', 'BROCADE RING PURSE ', '15034', 'PAPER POCKET TRAVELING FAN ', '16238', 'PARTY TIME PENCIL ERASERS', '35085E', 'IVORY ROSE LAMPSHADE ', '10120', 'DOGGY RUBBER', '17164B', "ASS COL SMALL SAND GECKO P'WEIGHT")]
(Background on this error at: https://sqlalche.me/e/20/gkpj)
[01/29/2025 23:01:23] - INFO - Successfully loaded the CSV files under ./input_data/.
[01/29/2025 23:01:23] - INFO - >> Transformations applied successfully 
[01/29/2025 23:01:24] - INFO -  >>> Successfully inserted 4384 rows in table Customer_d
[01/29/2025 23:01:24] - INFO -  >>> Successfully inserted 37 rows in table Country_d
[01/29/2025 23:01:24] - INFO -  >>> Successfully inserted 21786 rows in table Date_d
[01/29/2025 23:01:25] - INFO -  >>> Successfully inserted 4031 rows in table Stock_d
[01/29/2025 23:15:53] - INFO - Successfully loaded the CSV files under ./input_data/.
[01/29/2025 23:15:54] - INFO - >> Transformations applied successfully 
[01/29/2025 23:15:54] - INFO -  >>> Successfully inserted 4384 rows in table Customer_d
[01/29/2025 23:15:54] - INFO -  >>> Successfully inserted 37 rows in table Country_d
[01/29/2025 23:15:55] - INFO -  >>> Successfully inserted 21786 rows in table Date_d
[01/29/2025 23:15:55] - INFO -  >>> Successfully inserted 4031 rows in table Stock_d
[01/29/2025 23:16:17] - INFO - >>> Fact table successfully populated
